[INFO] Starting self-improvement run 1 at Sat May 31 00:39:50 EDT 2025
[DEBUG] Before file size:      212
[DEBUG] After file size:      213
[DEBUG] First few lines of diff:
212a213
> # TEST CHANGE Sat May 31 00:39:50 EDT 2025
[INFO] Finished run 1 at Sat May 31 00:39:52 EDT 2025. Diff summary:
 unknown |    1 +
 1 file changed, 1 insertion(+)
----------------------------------------
[INFO] Starting self-improvement run 2 at Sat May 31 00:40:02 EDT 2025
[DEBUG] Before file size:      213
[DEBUG] After file size:      214
[DEBUG] First few lines of diff:
213a214
> # TEST CHANGE Sat May 31 00:40:02 EDT 2025
[INFO] Finished run 2 at Sat May 31 00:40:03 EDT 2025. Diff summary:
 unknown |    1 +
 1 file changed, 1 insertion(+)
----------------------------------------
[INFO] Starting self-improvement run 3 at Sat May 31 00:40:13 EDT 2025
[DEBUG] Before file size:      214
[DEBUG] After file size:      215
[DEBUG] First few lines of diff:
214a215
> # TEST CHANGE Sat May 31 00:40:13 EDT 2025
[INFO] Finished run 3 at Sat May 31 00:40:14 EDT 2025. Diff summary:
 unknown |    1 +
 1 file changed, 1 insertion(+)
----------------------------------------
[INFO] Starting self-improvement run 4 at Sat May 31 00:40:25 EDT 2025
[DEBUG] Before file size:      215
[DEBUG] After file size:      216
[DEBUG] First few lines of diff:
215a216
> # TEST CHANGE Sat May 31 00:40:25 EDT 2025
[INFO] Finished run 4 at Sat May 31 00:40:26 EDT 2025. Diff summary:
 unknown |    1 +
 1 file changed, 1 insertion(+)
----------------------------------------
