[INFO] Starting self-improvement run 1 at Sat May 31 00:30:31 EDT 2025
[DEBUG] Before file size:      204
[DEBUG] After file size:      205
[DEBUG] First few lines of diff:
204a205
> # TEST CHANGE Sat May 31 00:30:31 EDT 2025
[INFO] Finished run 1 at Sat May 31 00:31:15 EDT 2025. Diff summary:
 unknown |    1 +
 1 file changed, 1 insertion(+)
----------------------------------------
[INFO] Starting self-improvement run 2 at Sat May 31 00:31:25 EDT 2025
[DEBUG] Before file size:      205
[DEBUG] After file size:      206
[DEBUG] First few lines of diff:
205a206
> # TEST CHANGE Sat May 31 00:31:25 EDT 2025
[INFO] Finished run 2 at Sat May 31 00:32:10 EDT 2025. Diff summary:
 unknown |    1 +
 1 file changed, 1 insertion(+)
----------------------------------------
[INFO] Starting self-improvement run 3 at Sat May 31 00:32:20 EDT 2025
