[INFO] Starting self-improvement run 1 at Sat May 31 00:48:15 EDT 2025
[DEBUG] Before file size:      220
[DEBUG] After file size:      220
[DEBUG] First few lines of diff:
[INFO] Finished run 1 at Sat May 31 00:49:07 EDT 2025. Diff summary:
 0 files changed
----------------------------------------
[INFO] Starting self-improvement run 2 at Sat May 31 00:49:18 EDT 2025
[DEBUG] Before file size:      220
[DEBUG] After file size:      220
[DEBUG] First few lines of diff:
[INFO] Finished run 2 at Sat May 31 00:50:11 EDT 2025. Diff summary:
 0 files changed
----------------------------------------
[INFO] Starting self-improvement run 3 at Sat May 31 00:50:21 EDT 2025
[DEBUG] Before file size:      220
[DEBUG] After file size:      220
[DEBUG] First few lines of diff:
[INFO] Finished run 3 at Sat May 31 00:51:17 EDT 2025. Diff summary:
 0 files changed
----------------------------------------
[INFO] Starting self-improvement run 4 at Sat May 31 00:51:27 EDT 2025
[DEBUG] Before file size:      220
[DEBUG] After file size:      220
[DEBUG] First few lines of diff:
[INFO] Finished run 4 at Sat May 31 00:52:23 EDT 2025. Diff summary:
 0 files changed
----------------------------------------
[INFO] Starting self-improvement run 5 at Sat May 31 00:52:33 EDT 2025
[DEBUG] Before file size:      220
[DEBUG] After file size:      220
[DEBUG] First few lines of diff:
[INFO] Finished run 5 at Sat May 31 00:53:27 EDT 2025. Diff summary:
 0 files changed
----------------------------------------
[INFO] Starting self-improvement run 6 at Sat May 31 00:53:37 EDT 2025
