[INFO] Starting self-improvement run 1 at Sat May 31 00:41:25 EDT 2025
[DEBUG] Before file size:      216
[DEBUG] After file size:      217
[DEBUG] First few lines of diff:
216a217
> # TEST CHANGE Sat May 31 00:41:25 EDT 2025
[INFO] Finished run 1 at Sat May 31 00:41:26 EDT 2025. Diff summary:
 unknown |    1 +
 1 file changed, 1 insertion(+)
----------------------------------------
[INFO] Starting self-improvement run 2 at Sat May 31 00:41:36 EDT 2025
[DEBUG] Before file size:      217
[DEBUG] After file size:      218
[DEBUG] First few lines of diff:
217a218
> # TEST CHANGE Sat May 31 00:41:36 EDT 2025
[INFO] Finished run 2 at Sat May 31 00:41:37 EDT 2025. Diff summary:
 unknown |    1 +
 1 file changed, 1 insertion(+)
----------------------------------------
[INFO] Starting self-improvement run 3 at Sat May 31 00:41:47 EDT 2025
[DEBUG] Before file size:      218
[DEBUG] After file size:      219
[DEBUG] First few lines of diff:
218a219
> # TEST CHANGE Sat May 31 00:41:47 EDT 2025
[INFO] Finished run 3 at Sat May 31 00:41:49 EDT 2025. Diff summary:
 unknown |    1 +
 1 file changed, 1 insertion(+)
----------------------------------------
[INFO] Starting self-improvement run 4 at Sat May 31 00:41:59 EDT 2025
[DEBUG] Before file size:      219
[DEBUG] After file size:      220
[DEBUG] First few lines of diff:
219a220
> # TEST CHANGE Sat May 31 00:41:59 EDT 2025
[INFO] Finished run 4 at Sat May 31 00:42:00 EDT 2025. Diff summary:
 unknown |    1 +
 1 file changed, 1 insertion(+)
----------------------------------------
