[INFO] Starting self-improvement run 1 at Sat May 31 00:42:30 EDT 2025
[DEBUG] Before file size:      220
[DEBUG] After file size:      220
[DEBUG] First few lines of diff:
[INFO] Finished run 1 at Sat May 31 00:42:31 EDT 2025. Diff summary:
 0 files changed
----------------------------------------
[INFO] Starting self-improvement run 2 at Sat May 31 00:42:41 EDT 2025
[DEBUG] Before file size:      220
[DEBUG] After file size:      220
[DEBUG] First few lines of diff:
[INFO] Finished run 2 at Sat May 31 00:42:43 EDT 2025. Diff summary:
 0 files changed
----------------------------------------
[INFO] Starting self-improvement run 3 at Sat May 31 00:42:53 EDT 2025
[DEBUG] Before file size:      220
[DEBUG] After file size:      220
[DEBUG] First few lines of diff:
[INFO] Finished run 3 at Sat May 31 00:42:54 EDT 2025. Diff summary:
 0 files changed
----------------------------------------
[INFO] Starting self-improvement run 4 at Sat May 31 00:43:04 EDT 2025
[DEBUG] Before file size:      220
[DEBUG] After file size:      220
[DEBUG] First few lines of diff:
[INFO] Finished run 4 at Sat May 31 00:43:05 EDT 2025. Diff summary:
 0 files changed
----------------------------------------
[INFO] Starting self-improvement run 5 at Sat May 31 00:43:15 EDT 2025
[DEBUG] Before file size:      220
[DEBUG] After file size:      220
[DEBUG] First few lines of diff:
[INFO] Finished run 5 at Sat May 31 00:43:16 EDT 2025. Diff summary:
 0 files changed
----------------------------------------
