[INFO] Starting self-improvement run 1 at Sat May 31 00:36:42 EDT 2025
[DEBUG] Before file size:      209
[DEBUG] After file size:      210
[DEBUG] First few lines of diff:
209a210
> # TEST CHANGE Sat May 31 00:36:42 EDT 2025
[INFO] Finished run 1 at Sat May 31 00:37:25 EDT 2025. Diff summary:
 unknown |    1 +
 1 file changed, 1 insertion(+)
----------------------------------------
[INFO] Starting self-improvement run 2 at Sat May 31 00:37:35 EDT 2025
[DEBUG] Before file size:      210
[DEBUG] After file size:      211
[DEBUG] First few lines of diff:
210a211
> # TEST CHANGE Sat May 31 00:37:35 EDT 2025
[INFO] Finished run 2 at Sat May 31 00:38:20 EDT 2025. Diff summary:
 unknown |    1 +
 1 file changed, 1 insertion(+)
----------------------------------------
[INFO] Starting self-improvement run 3 at Sat May 31 00:38:30 EDT 2025
